<?xml version="1.0" encoding="UTF-8"?>
<!-- Generated by org.testng.reporters.JUnitReportReporter -->
<testsuite hostname="DESKTOP-VT2BQ7B" failures="0" tests="1" name="StepDefinition_Files.CSS_Value_validate_Colour" time="7.010" errors="0" timestamp="2023-01-26T13:53:38 EST" skipped="0">
  <testcase classname="StepDefinition_Files.CSS_Value_validate_Colour" name="verifycolour" time="7.010"/>
  <system-out/>
</testsuite> <!-- StepDefinition_Files.CSS_Value_validate_Colour -->
